<?xml version="1.0" encoding="UTF-8"?>
<!-- Generated by org.testng.reporters.JUnitXMLReporter -->
<testsuite ignored="4" hostname="LAPTOP-IT2D940V" failures="0" tests="2" name="Default test" time="7.889" errors="0" timestamp="2022-11-02T18:34:05 IST">
  <testcase classname="TestCases.LoginPageTest" name="verifyLoginLogoTest" time="0.048"/>
  <testcase classname="TestCases.LoginPageTest" name="verifyBotLogoTest" time="0.04"/>
  <testcase classname="TestCases.LoginPageTest" name="verifyTitleTest" time="0.0">
    <ignored/>
  </testcase> <!-- verifyTitleTest -->
  <testcase classname="TestCases.LoginPageTest" name="verifyUrlTest" time="0.0">
    <ignored/>
  </testcase> <!-- verifyUrlTest -->
  <testcase classname="TestCases.LoginPageTest" name="loginToApp1Test" time="0.0">
    <ignored/>
  </testcase> <!-- loginToApp1Test -->
  <testcase classname="TestCases.LoginPageTest" name="loginApp2Test" time="0.0">
    <ignored/>
  </testcase> <!-- loginApp2Test -->
</testsuite> <!-- Default test -->
