<?xml version="1.0" encoding="UTF-8"?>
<!-- Generated by org.testng.reporters.JUnitXMLReporter -->
<testsuite ignored="4" hostname="LAPTOP-IT2D940V" failures="0" tests="2" name="Test" time="10.296" errors="0" timestamp="2022-10-30T20:55:37 IST">
  <testcase classname="TestCases.GroupTest" name="loginToApp1Test" time="0.26"/>
  <testcase classname="TestCases.GroupTest" name="verifyUrlTest" time="0.593"/>
  <testcase classname="TestCases.GroupTest" name="verifyLoginLogoTest" time="0.0">
    <ignored/>
  </testcase> <!-- verifyLoginLogoTest -->
  <testcase classname="TestCases.GroupTest" name="loginApp2Test" time="0.0">
    <ignored/>
  </testcase> <!-- loginApp2Test -->
  <testcase classname="TestCases.GroupTest" name="verifyTitleTest" time="0.0">
    <ignored/>
  </testcase> <!-- verifyTitleTest -->
  <testcase classname="TestCases.GroupTest" name="verifyBotLogoTest" time="0.0">
    <ignored/>
  </testcase> <!-- verifyBotLogoTest -->
</testsuite> <!-- Test -->
