<?xml version="1.0" encoding="UTF-8"?>
<testng-results ignored="4" total="6" passed="2" failed="0" skipped="0">
  <reporter-output>
  </reporter-output>
  <suite started-at="2022-11-02T18:33:58 IST" name="Default suite" finished-at="2022-11-02T18:34:05 IST" duration-ms="7889">
    <groups>
    </groups>
    <test started-at="2022-11-02T18:33:58 IST" name="Default test" finished-at="2022-11-02T18:34:05 IST" duration-ms="7889">
      <class name="TestCases.LoginPageTest">
        <test-method is-config="true" signature="setUp()[pri:0, instance:TestCases.LoginPageTest@2dc54ad4]" started-at="2022-11-02T18:33:58 IST" name="setUp" finished-at="2022-11-02T18:34:02 IST" duration-ms="4443" status="PASS">
          <reporter-output>
          </reporter-output>
        </test-method> <!-- setUp -->
        <test-method signature="verifyLoginLogoTest()[pri:0, instance:TestCases.LoginPageTest@2dc54ad4]" started-at="2022-11-02T18:34:02 IST" name="verifyLoginLogoTest" finished-at="2022-11-02T18:34:02 IST" duration-ms="48" status="PASS">
          <reporter-output>
          </reporter-output>
        </test-method> <!-- verifyLoginLogoTest -->
        <test-method is-config="true" signature="closeBrowser(org.testng.ITestResult)[pri:0, instance:TestCases.LoginPageTest@2dc54ad4]" started-at="2022-11-02T18:34:02 IST" name="closeBrowser" finished-at="2022-11-02T18:34:02 IST" duration-ms="75" status="PASS">
          <params>
            <param index="0">
              <value>
                <![CDATA[[TestResult name=verifyLoginLogoTest status=SUCCESS method=LoginPageTest.verifyLoginLogoTest()[pri:0, instance:TestCases.LoginPageTest@2dc54ad4] output={null}]]]>
              </value>
            </param>
          </params>
          <reporter-output>
          </reporter-output>
        </test-method> <!-- closeBrowser -->
        <test-method is-config="true" signature="setUp()[pri:0, instance:TestCases.LoginPageTest@2dc54ad4]" started-at="2022-11-02T18:34:02 IST" name="setUp" finished-at="2022-11-02T18:34:05 IST" duration-ms="3147" status="PASS">
          <reporter-output>
          </reporter-output>
        </test-method> <!-- setUp -->
        <test-method signature="verifyBotLogoTest()[pri:1, instance:TestCases.LoginPageTest@2dc54ad4]" started-at="2022-11-02T18:34:05 IST" name="verifyBotLogoTest" finished-at="2022-11-02T18:34:05 IST" duration-ms="40" status="PASS">
          <reporter-output>
          </reporter-output>
        </test-method> <!-- verifyBotLogoTest -->
        <test-method is-config="true" signature="closeBrowser(org.testng.ITestResult)[pri:0, instance:TestCases.LoginPageTest@2dc54ad4]" started-at="2022-11-02T18:34:05 IST" name="closeBrowser" finished-at="2022-11-02T18:34:05 IST" duration-ms="101" status="PASS">
          <params>
            <param index="0">
              <value>
                <![CDATA[[TestResult name=verifyBotLogoTest status=SUCCESS method=LoginPageTest.verifyBotLogoTest()[pri:1, instance:TestCases.LoginPageTest@2dc54ad4] output={null}]]]>
              </value>
            </param>
          </params>
          <reporter-output>
          </reporter-output>
        </test-method> <!-- closeBrowser -->
      </class> <!-- TestCases.LoginPageTest -->
    </test> <!-- Default test -->
  </suite> <!-- Default suite -->
</testng-results>
